{
"contracts/Raffle.sol":{"l":{"52":3,"53":3,"54":3,"55":3,"56":3,"57":3,"58":3,"59":3,"67":15,"68":1,"70":14,"71":1,"73":13,"74":13,"89":11,"90":11,"91":11,"92":11,"93":11,"102":6,"103":6,"104":1,"111":5,"112":5,"119":5,"130":1,"131":1,"132":1,"133":1,"134":1,"135":1,"136":1,"137":1,"138":0,"140":1,"146":14,"150":2,"154":1,"158":4,"162":0,"166":0,"170":2,"174":0,"178":14},"path":"/home/keldstehr/freecodecamp/patrickcollinscourse/9-HH-lottery-BE/contracts/Raffle.sol","s":{"1":3,"2":3,"3":3,"4":3,"5":3,"6":3,"7":3,"8":3,"9":15,"10":14,"11":13,"12":13,"13":11,"14":11,"15":11,"16":11,"17":11,"18":6,"19":6,"20":5,"21":5,"22":5,"23":1,"24":1,"25":1,"26":1,"27":1,"28":1,"29":1,"30":1,"31":1,"32":14,"33":2,"34":1,"35":4,"36":0,"37":0,"38":2,"39":0,"40":14},"b":{"1":[1,14],"2":[1,13],"3":[1,5],"4":[0,1]},"f":{"1":3,"2":15,"3":11,"4":6,"5":1,"6":14,"7":2,"8":1,"9":4,"10":0,"11":0,"12":2,"13":0,"14":14},"fnMap":{"1":{"name":"constructor","line":51,"loc":{"start":{"line":44,"column":4},"end":{"line":60,"column":4}}},"2":{"name":"enterRaffle","line":66,"loc":{"start":{"line":66,"column":4},"end":{"line":75,"column":4}}},"3":{"name":"checkUpkeep","line":79,"loc":{"start":{"line":79,"column":4},"end":{"line":94,"column":4}}},"4":{"name":"performUpkeep","line":99,"loc":{"start":{"line":99,"column":4},"end":{"line":120,"column":4}}},"5":{"name":"fulfillRandomWords","line":126,"loc":{"start":{"line":126,"column":4},"end":{"line":141,"column":4}}},"6":{"name":"getEntranceFee","line":145,"loc":{"start":{"line":145,"column":4},"end":{"line":147,"column":4}}},"7":{"name":"getPlayer","line":149,"loc":{"start":{"line":149,"column":4},"end":{"line":151,"column":4}}},"8":{"name":"getRecentWinner","line":153,"loc":{"start":{"line":153,"column":4},"end":{"line":155,"column":4}}},"9":{"name":"getRaffleState","line":157,"loc":{"start":{"line":157,"column":4},"end":{"line":159,"column":4}}},"10":{"name":"getNumWords","line":161,"loc":{"start":{"line":161,"column":4},"end":{"line":163,"column":4}}},"11":{"name":"getNumberOfPlayers","line":165,"loc":{"start":{"line":165,"column":4},"end":{"line":167,"column":4}}},"12":{"name":"getLatestTimestamp","line":169,"loc":{"start":{"line":169,"column":4},"end":{"line":171,"column":4}}},"13":{"name":"getRequestConfirmations","line":173,"loc":{"start":{"line":173,"column":4},"end":{"line":175,"column":4}}},"14":{"name":"getInterval","line":177,"loc":{"start":{"line":177,"column":4},"end":{"line":179,"column":4}}}},"statementMap":{"1":{"start":{"line":52,"column":8},"end":{"line":52,"column":34}},"2":{"start":{"line":53,"column":8},"end":{"line":53,"column":69}},"3":{"start":{"line":54,"column":8},"end":{"line":54,"column":26}},"4":{"start":{"line":55,"column":8},"end":{"line":55,"column":40}},"5":{"start":{"line":56,"column":8},"end":{"line":56,"column":44}},"6":{"start":{"line":57,"column":8},"end":{"line":57,"column":39}},"7":{"start":{"line":58,"column":8},"end":{"line":58,"column":40}},"8":{"start":{"line":59,"column":8},"end":{"line":59,"column":28}},"9":{"start":{"line":67,"column":8},"end":{"line":67,"column":2239}},"10":{"start":{"line":70,"column":8},"end":{"line":70,"column":2340}},"11":{"start":{"line":73,"column":8},"end":{"line":73,"column":42}},"12":{"start":{"line":74,"column":8},"end":{"line":74,"column":36}},"13":{"start":{"line":89,"column":8},"end":{"line":89,"column":57}},"14":{"start":{"line":90,"column":8},"end":{"line":90,"column":76}},"15":{"start":{"line":91,"column":8},"end":{"line":91,"column":48}},"16":{"start":{"line":92,"column":8},"end":{"line":92,"column":51}},"17":{"start":{"line":93,"column":8},"end":{"line":93,"column":72}},"18":{"start":{"line":102,"column":8},"end":{"line":102,"column":47}},"19":{"start":{"line":103,"column":8},"end":{"line":103,"column":3532}},"20":{"start":{"line":111,"column":8},"end":{"line":111,"column":46}},"21":{"start":{"line":112,"column":8},"end":{"line":112,"column":3793}},"22":{"start":{"line":119,"column":8},"end":{"line":119,"column":45}},"23":{"start":{"line":130,"column":8},"end":{"line":130,"column":65}},"24":{"start":{"line":131,"column":8},"end":{"line":131,"column":63}},"25":{"start":{"line":132,"column":8},"end":{"line":132,"column":36}},"26":{"start":{"line":133,"column":8},"end":{"line":133,"column":39}},"27":{"start":{"line":134,"column":8},"end":{"line":134,"column":43}},"28":{"start":{"line":135,"column":8},"end":{"line":135,"column":40}},"29":{"start":{"line":136,"column":8},"end":{"line":136,"column":78}},"30":{"start":{"line":137,"column":8},"end":{"line":137,"column":4778}},"31":{"start":{"line":140,"column":8},"end":{"line":140,"column":39}},"32":{"start":{"line":146,"column":8},"end":{"line":146,"column":28}},"33":{"start":{"line":150,"column":8},"end":{"line":150,"column":31}},"34":{"start":{"line":154,"column":8},"end":{"line":154,"column":29}},"35":{"start":{"line":158,"column":8},"end":{"line":158,"column":28}},"36":{"start":{"line":162,"column":8},"end":{"line":162,"column":24}},"37":{"start":{"line":166,"column":8},"end":{"line":166,"column":31}},"38":{"start":{"line":170,"column":8},"end":{"line":170,"column":30}},"39":{"start":{"line":174,"column":8},"end":{"line":174,"column":36}},"40":{"start":{"line":178,"column":8},"end":{"line":178,"column":25}}},"branchMap":{"1":{"line":67,"type":"if","locations":[{"start":{"line":67,"column":8},"end":{"line":67,"column":8}},{"start":{"line":67,"column":8},"end":{"line":67,"column":8}}]},"2":{"line":70,"type":"if","locations":[{"start":{"line":70,"column":8},"end":{"line":70,"column":8}},{"start":{"line":70,"column":8},"end":{"line":70,"column":8}}]},"3":{"line":103,"type":"if","locations":[{"start":{"line":103,"column":8},"end":{"line":103,"column":8}},{"start":{"line":103,"column":8},"end":{"line":103,"column":8}}]},"4":{"line":137,"type":"if","locations":[{"start":{"line":137,"column":8},"end":{"line":137,"column":8}},{"start":{"line":137,"column":8},"end":{"line":137,"column":8}}]}}},
"contracts/test/VRFCoordinatorV2Mock.sol":{"l":{},"path":"/home/keldstehr/freecodecamp/patrickcollinscourse/9-HH-lottery-BE/contracts/test/VRFCoordinatorV2Mock.sol","s":{},"b":{},"f":{},"fnMap":{},"statementMap":{},"branchMap":{}}}
