TN:
SF:/home/keldstehr/freecodecamp/patrickcollinscourse/9-HH-lottery-BE/contracts/Raffle.sol
FN:51,constructor
FN:66,enterRaffle
FN:79,checkUpkeep
FN:99,performUpkeep
FN:126,fulfillRandomWords
FN:145,getEntranceFee
FN:149,getPlayer
FN:153,getRecentWinner
FN:157,getRaffleState
FN:161,getNumWords
FN:165,getNumberOfPlayers
FN:169,getLatestTimestamp
FN:173,getRequestConfirmations
FN:177,getInterval
FNF:14
FNH:11
FNDA:3,constructor
FNDA:15,enterRaffle
FNDA:11,checkUpkeep
FNDA:6,performUpkeep
FNDA:1,fulfillRandomWords
FNDA:14,getEntranceFee
FNDA:2,getPlayer
FNDA:1,getRecentWinner
FNDA:4,getRaffleState
FNDA:0,getNumWords
FNDA:0,getNumberOfPlayers
FNDA:2,getLatestTimestamp
FNDA:0,getRequestConfirmations
FNDA:14,getInterval
DA:52,3
DA:53,3
DA:54,3
DA:55,3
DA:56,3
DA:57,3
DA:58,3
DA:59,3
DA:67,15
DA:68,1
DA:70,14
DA:71,1
DA:73,13
DA:74,13
DA:89,11
DA:90,11
DA:91,11
DA:92,11
DA:93,11
DA:102,6
DA:103,6
DA:104,1
DA:111,5
DA:112,5
DA:119,5
DA:130,1
DA:131,1
DA:132,1
DA:133,1
DA:134,1
DA:135,1
DA:136,1
DA:137,1
DA:138,0
DA:140,1
DA:146,14
DA:150,2
DA:154,1
DA:158,4
DA:162,0
DA:166,0
DA:170,2
DA:174,0
DA:178,14
LF:44
LH:40
BRDA:67,1,0,1
BRDA:67,1,1,14
BRDA:70,2,0,1
BRDA:70,2,1,13
BRDA:103,3,0,1
BRDA:103,3,1,5
BRDA:137,4,0,0
BRDA:137,4,1,1
BRF:8
BRH:7
end_of_record
TN:
SF:/home/keldstehr/freecodecamp/patrickcollinscourse/9-HH-lottery-BE/contracts/test/VRFCoordinatorV2Mock.sol
FNF:0
FNH:0
LF:0
LH:0
BRF:0
BRH:0
end_of_record
